
Power Net Detected:
        Voltage	    Name
             0V	    VSS
          1.32V	    VDD
Using Power View: view_fast.
AAE_INFO: opIsDesignInPostRouteState() is 1
AAE_INFO: resetNetProps viewIdx 0 
Starting SI iteration 1 using Infinite Timing Windows
#################################################################################
# Design Stage: PostRoute
# Design Name: CNN_Inference_Engine
# Design Mode: 45nm
# Analysis Mode: MMMC OCV 
# Parasitics Mode: SPEF/RCDB 
# Signoff Settings: SI On 
#################################################################################
AAE_INFO: 1 threads acquired from CTE.
Start delay calculation (fullDC) (1 T). (MEM=16856.2)
Total number of fetched objects 1262478
AAE_INFO: Total number of nets for which stage creation was skipped for all views 0
AAE_INFO-618: Total number of nets in the design is 1290714,  99.1 percent of the nets selected for SI analysis
End delay calculation. (MEM=17244.6 CPU=0:03:01 REAL=0:03:01)
End delay calculation (fullDC). (MEM=17244.6 CPU=0:03:10 REAL=0:03:09)
Save waveform /home/cadencea8/ASIC_NG/RUN/Innovus_final/innovus_temp_734394_105f6b7f-9fce-4872-b99e-d554b0252bdd_cadencea8_cadencea8_6RWEJl/.AAE_3IDK7N/.AAE_734394_105f6b7f-9fce-4872-b99e-d554b0252bdd/waveform.data...
Loading CTE timing window with TwFlowType 0...(CPU = 0:00:00.0, REAL = 0:00:00.0, MEM = 17334.4M)
Add other clocks and setupCteToAAEClockMapping during iter 1
Loading CTE timing window is completed (CPU = 0:00:04.3, REAL = 0:00:05.0, MEM = 17334.4M)
Starting SI iteration 2
Start delay calculation (fullDC) (1 T). (MEM=16782.5)
Glitch Analysis: View view_fast -- Total Number of Nets Skipped = 32880. 
Glitch Analysis: View view_fast -- Total Number of Nets Analyzed = 1262478. 
Total number of fetched objects 1262478
AAE_INFO: Total number of nets for which stage creation was skipped for all views 0
AAE_INFO-618: Total number of nets in the design is 1290714,  4.0 percent of the nets selected for SI analysis
End delay calculation. (MEM=16795.4 CPU=0:00:16.3 REAL=0:00:16.0)
End delay calculation (fullDC). (MEM=16795.4 CPU=0:00:16.9 REAL=0:00:16.0)
Load RC corner of view view_fast

Begin Power Analysis

             0V	    VSS
          1.32V	    VDD

Begin Processing Timing Library for Power Calculation

Ended Processing Timing Library for Power Calculation: (cpu=0:00:00, real=0:00:00, mem(process/total/peak)=17094.69MB/19563.62MB/22677.32MB)



Begin Processing Power Net/Grid for Power Calculation

Ended Processing Power Net/Grid for Power Calculation: (cpu=0:00:00, real=0:00:00, mem(process/total/peak)=17094.69MB/19563.62MB/22677.32MB)

Begin Processing Timing Window Data for Power Calculation

clk(100MHz) CK: assigning clock clk to net clk
Ended Processing Timing Window Data for Power Calculation: (cpu=0:00:04, real=0:00:05, mem(process/total/peak)=17438.43MB/19852.62MB/22677.32MB)

Begin Processing User Attributes

Ended Processing User Attributes: (cpu=0:00:00, real=0:00:00, mem(process/total/peak)=17486.70MB/19900.62MB/22677.32MB)

Begin Processing Signal Activity


Starting Levelizing
2026-May-09 03:45:19 (2026-May-08 22:15:19 GMT)
2026-May-09 03:45:20 (2026-May-08 22:15:20 GMT): 10%
2026-May-09 03:45:20 (2026-May-08 22:15:20 GMT): 20%
2026-May-09 03:45:20 (2026-May-08 22:15:20 GMT): 30%
2026-May-09 03:45:20 (2026-May-08 22:15:20 GMT): 40%
2026-May-09 03:45:21 (2026-May-08 22:15:21 GMT): 50%
2026-May-09 03:45:21 (2026-May-08 22:15:21 GMT): 60%
2026-May-09 03:45:21 (2026-May-08 22:15:21 GMT): 70%
2026-May-09 03:45:22 (2026-May-08 22:15:22 GMT): 80%
2026-May-09 03:45:22 (2026-May-08 22:15:22 GMT): 90%

Finished Levelizing
2026-May-09 03:45:24 (2026-May-08 22:15:24 GMT)

Starting Activity Propagation
2026-May-09 03:45:24 (2026-May-08 22:15:24 GMT)
** INFO:  (VOLTUS_POWR-1356): No default input activity has been set. Defaulting to 0.2.
Use 'set_default_switching_activity -input_activity' command to change the default activity value.

2026-May-09 03:45:31 (2026-May-08 22:15:31 GMT): 10%
2026-May-09 03:45:33 (2026-May-08 22:15:33 GMT): 20%

Finished Activity Propagation
2026-May-09 03:45:45 (2026-May-08 22:15:45 GMT)
Ended Processing Signal Activity: (cpu=0:00:27, real=0:00:28, mem(process/total/peak)=17671.62MB/20092.47MB/22677.32MB)

Begin Power Computation

      ----------------------------------------------------------
      # of cell(s) missing both power/leakage table: 0
      # of cell(s) missing power table: 2
      # of cell(s) missing leakage table: 0
      ----------------------------------------------------------
CellName                                  Missing Table(s)
TIEHI                                     internal power, 
TIELO                                     internal power, 



Starting Calculating power
2026-May-09 03:45:45 (2026-May-08 22:15:45 GMT)
 ... Calculating switching power
2026-May-09 03:45:46 (2026-May-08 22:15:46 GMT): 10%
2026-May-09 03:45:47 (2026-May-08 22:15:47 GMT): 20%
2026-May-09 03:45:48 (2026-May-08 22:15:48 GMT): 30%
2026-May-09 03:45:48 (2026-May-08 22:15:48 GMT): 40%
2026-May-09 03:45:49 (2026-May-08 22:15:49 GMT): 50%
 ... Calculating internal and leakage power
2026-May-09 03:45:54 (2026-May-08 22:15:54 GMT): 60%
2026-May-09 03:46:02 (2026-May-08 22:16:02 GMT): 70%
2026-May-09 03:46:09 (2026-May-08 22:16:09 GMT): 80%
2026-May-09 03:46:17 (2026-May-08 22:16:17 GMT): 90%

Finished Calculating power
2026-May-09 03:46:24 (2026-May-08 22:16:24 GMT)
      # of MSMV cell(s) missing power_level: 0
Ended Power Computation: (cpu=0:00:38, real=0:00:39, mem(process/total/peak)=17675.09MB/20092.47MB/22677.32MB)

Begin Processing User Attributes

Begin Processing set_power
Ended Processing set_power: (cpu=0:00:00, real=0:00:00,
mem(process/total/peak)=17676.20MB/20092.47MB/22677.32MB)
Ended Processing User Attributes: (cpu=0:00:00, real=0:00:00, mem(process/total/peak)=17676.20MB/20092.47MB/22677.32MB)

Ended Power Analysis: (cpu=0:01:13, real=0:01:14, mem(process/total/peak)=17676.20MB/20092.47MB/22677.32MB)

Begin Boundary Leakage Calculation
Ended Boundary Leakage Calculation: (cpu=0:00:00, real=0:00:00,
mem(process/total/peak)=17676.20MB/20092.47MB/22677.32MB)
Begin Static Power Report Generation
*----------------------------------------------------------------------------------------
*	Innovus 23.13-s082_1 (64bit) 11/13/2024 13:42 (Linux 3.10.0-693.el7.x86_64)
*	
*
* 	Date & Time:	2026-May-09 03:46:25 (2026-May-08 22:16:25 GMT)
*
*----------------------------------------------------------------------------------------
*
*	Design: CNN_Inference_Engine
*
*	Liberty Libraries used:
*	        view_fast: /home/cadencea8/ASIC_NG/gsclib045_all_v4.8/gsclib045/timing/fast_vdd1v2_basicCells.lib
*	        view_fast: /home/cadencea8/ASIC_NG/gsclib045_all_v4.8/gsclib045/timing/fast_vdd1v2_multibitsDFF.lib
*	        view_fast: /home/cadencea8/ASIC_NG/gsclib045_all_v4.8/gsclib045_hvt/timing/fast_vdd1v2_basicCells_hvt.lib
*	        view_fast: /home/cadencea8/ASIC_NG/gsclib045_all_v4.8/gsclib045_lvt/timing/fast_vdd1v2_basicCells_lvt.lib
*
*	Parasitic Files used:
*
*       Power View : view_fast
*
*       User-Defined Activity : N.A.
*
*       Activity File: N.A.
*
*       Hierarchical Global Activity: N.A.
*
*       Global Activity: N.A.
*
*       Sequential Element Activity: 0.200000
*
*       Primary Input Activity: 0.200000
*
*       Default icg ratio: N.A.
*
*       Global Comb ClockGate Ratio: N.A.
*
*	Power Units = 1mW
*
*	Time Units = 1e-09 secs
*
*       report_power
*
-----------------------------------------------------------------------------------------
*



Total Power
-----------------------------------------------------------------------------------------
Total Internal Power:      179.43223779 	   52.7508%
Total Switching Power:     158.09890608 	   46.4791%
Total Leakage Power:         2.61938600 	    0.7701%
Total Power:               340.15052987
-----------------------------------------------------------------------------------------


Group                           Internal   Switching     Leakage       Total  Percentage 
                                Power      Power         Power         Power  (%)        
-----------------------------------------------------------------------------------------
Sequential                         46.42       11.74       1.132       59.29       17.43
Macro                                  0           0           0           0           0
IO                                     0           0           0           0           0
Combinational                      111.8       132.4       1.389       245.6       72.22
Clock (Combinational)              4.075       7.093    0.008778       11.18       3.286
Clock (Sequential)                  17.1       6.847       0.089       24.03       7.066
-----------------------------------------------------------------------------------------
Total                              179.4       158.1       2.619       340.2         100
-----------------------------------------------------------------------------------------


Rail                  Voltage   Internal   Switching     Leakage       Total  Percentage 
                                Power      Power         Power         Power  (%)        
-----------------------------------------------------------------------------------------
VDD                      1.32      179.4       158.1       2.619       340.2         100


Clock                           Internal   Switching     Leakage       Total  Percentage 
                                Power      Power         Power         Power  (%)        
-----------------------------------------------------------------------------------------
clk                                21.17       13.94     0.09778       35.21       10.35
-----------------------------------------------------------------------------------------
Total                              21.17       13.94     0.09778       35.21       10.35
-----------------------------------------------------------------------------------------
Clock: clk
Clock Period: 0.010000 usec 
Clock Toggle Rate:   200.0000 Mhz 
Clock Static Probability:  0.5000
  
 
 
-----------------------------------------------------------------------------------------
*	Power Distribution Summary: 
*              Highest Average Power: kpu_inst/LM_ROWS[1].lm_inst/CTS_ccl_a_buf_00333 (CLKBUFX20LVT):          0.02384
*              Highest Leakage Power: RC_CG_HIER_INST1/RC_CGIC_INST (TLATNTSCAX16LVT):        9.892e-06
*                Total Cap:      4.96317e-09 F
*                Total instances in design: 1118748
*                Total instances in design with no power:     0
*                Total instances in design with no activty:     0

*                Total Fillers and Decap:     0
-----------------------------------------------------------------------------------------
 
** INFO:  (VOLTUS_POWR-3465): There are 0 decaps and 0 fillers in the design

Ended Static Power Report Generation: (cpu=0:00:05, real=0:00:05,
mem(process/total/peak)=18037.90MB/20558.47MB/22677.32MB)

